2025-04-06 04:37:48,792 - __main__ - INFO - Started at: brand_index: google, page: 0
2025-04-06 04:37:48,792 - __main__ - INFO - Scraping google - Page 0
2025-04-06 04:38:19,963 - __main__ - INFO - Scraping google - Page 2
2025-04-06 04:38:20,519 - __main__ - INFO - No more products found for google on page 2. Moving to next brand.
2025-04-06 04:38:20,519 - __main__ - INFO - Scraping samsung - Page 0
2025-04-06 04:39:08,643 - __main__ - INFO - Scraping samsung - Page 2
2025-04-06 04:40:52,590 - __main__ - INFO - Paused at: {'brand_index': 1, 'page': 3}, brand:samsung
2025-04-06 04:50:39,286 - __main__ - INFO - Started at: brand_index: samsung, page: 3
2025-04-06 04:50:39,286 - __main__ - INFO - Scraping samsung - Page 3
2025-04-06 04:50:43,697 - __main__ - INFO - No more products found for samsung on page 3. Moving to next brand.
2025-04-06 04:50:43,697 - __main__ - INFO - Scraping honor - Page 0
2025-04-06 04:50:48,030 - __main__ - INFO - No more products found for honor on page 0. Moving to next brand.
2025-04-06 04:50:48,030 - __main__ - INFO - Scraping oppo - Page 0
2025-04-06 04:50:52,362 - __main__ - INFO - No more products found for oppo on page 0. Moving to next brand.
2025-04-06 04:50:52,362 - __main__ - INFO - Scraping nokia - Page 0
2025-04-06 04:52:23,749 - __main__ - INFO - Scraping nokia - Page 2
2025-04-06 04:53:32,575 - __main__ - INFO - Scraping nokia - Page 3
2025-04-06 04:54:44,377 - __main__ - INFO - Paused at: {'brand_index': 4, 'page': 4}, brand:nokia
2025-04-06 05:11:06,722 - __main__ - INFO - Started at: brand_index: nokia, page: 4
2025-04-06 05:11:06,722 - __main__ - INFO - Scraping nokia - Page 4
2025-04-06 05:11:11,010 - __main__ - INFO - No more products found for nokia on page 4. Moving to next brand.
2025-04-06 05:11:11,011 - __main__ - INFO - Scraping xiaomi - Page 0
2025-04-06 05:11:15,273 - __main__ - INFO - No more products found for xiaomi on page 0. Moving to next brand.
2025-04-06 05:11:15,273 - __main__ - INFO - Scraping vivo - Page 0
2025-04-06 05:12:42,060 - __main__ - INFO - Scraping vivo - Page 2
2025-04-06 05:13:55,052 - __main__ - INFO - Scraping vivo - Page 3
2025-04-06 05:13:59,307 - __main__ - INFO - No more products found for vivo on page 3. Moving to next brand.
2025-04-06 05:13:59,307 - __main__ - INFO - Scraping infinix - Page 0
2025-04-06 05:14:03,555 - __main__ - INFO - No more products found for infinix on page 0. Moving to next brand.
2025-04-06 05:14:03,555 - __main__ - INFO - Scraping apple - Page 0
2025-04-06 05:14:52,191 - __main__ - INFO - Paused at: {'brand_index': 8, 'page': 2}, brand:apple
2025-04-06 05:31:22,026 - __main__ - INFO - Started at: brand_index: apple, page: 2
2025-04-06 05:31:22,026 - __main__ - INFO - Scraping apple - Page 2
2025-04-06 05:31:22,408 - __main__ - INFO - No more products found for apple on page 2. Moving to next brand.
2025-04-06 05:31:22,408 - __main__ - INFO - Scraping sony - Page 0
2025-04-06 05:33:10,840 - __main__ - INFO - Scraping sony - Page 2
2025-04-06 05:34:25,169 - __main__ - INFO - Scraping sony - Page 3
2025-04-06 05:35:30,047 - __main__ - INFO - Paused at: {'brand_index': 9, 'page': 4}, brand:sony
2025-04-06 05:42:40,174 - __main__ - INFO - Started at: brand_index: sony, page: 4
2025-04-06 05:42:40,174 - __main__ - INFO - Scraping sony - Page 4
2025-04-06 05:42:44,497 - __main__ - INFO - No more products found for sony on page 4. Moving to next brand.
2025-04-06 05:42:44,498 - __main__ - INFO - Scraping realme - Page 0
2025-04-06 05:48:23,281 - __main__ - INFO - Scraping realme - Page 2
2025-04-06 05:50:36,429 - __main__ - INFO - Scraping realme - Page 3
2025-04-06 05:51:25,122 - __main__ - INFO - Paused at: {'brand_index': 10, 'page': 4}, brand:realme
2025-04-06 05:52:41,418 - __main__ - INFO - Started at: brand_index: realme, page: 4
2025-04-06 05:52:41,418 - __main__ - INFO - Scraping realme - Page 4
2025-04-06 05:52:45,793 - __main__ - INFO - No more products found for realme on page 4. Moving to next brand.
2025-04-06 05:52:45,793 - __main__ - INFO - Scraping oneplus - Page 0
2025-04-06 05:52:50,101 - __main__ - INFO - No more products found for oneplus on page 0. Moving to next brand.
2025-04-06 05:52:50,102 - __main__ - INFO - Scraping huawei - Page 0
2025-04-06 05:52:54,413 - __main__ - INFO - No more products found for huawei on page 0. Moving to next brand.
2025-04-06 05:52:54,413 - __main__ - INFO - End of list
2025-04-06 05:52:54,413 - __main__ - INFO - Paused at: {'brand_index': 12, 'page': 0}, brand:huawei
2025-04-06 06:14:56,915 - __main__ - INFO - Started at: brand_index: huawei, page: 0
2025-04-06 06:14:56,915 - __main__ - INFO - Scraping huawei - Page 0
2025-04-06 06:18:05,580 - __main__ - INFO - Scraping huawei - Page 2
2025-04-06 06:24:08,988 - __main__ - INFO - Scraping huawei - Page 3
2025-04-06 06:26:21,686 - __main__ - INFO - Paused at: {'brand_index': 12, 'page': 4}, brand:huawei
2025-04-06 06:40:38,069 - __main__ - INFO - Started at: brand_index: huawei, page: 4
2025-04-06 06:40:38,069 - __main__ - INFO - Scraping huawei - Page 4
2025-04-06 06:41:59,157 - __main__ - INFO - Scraping huawei - Page 5
2025-04-06 06:43:40,677 - __main__ - INFO - Scraping huawei - Page 6
2025-04-06 06:45:40,688 - __main__ - INFO - Paused at: {'brand_index': 12, 'page': 7}, brand:huawei
2025-04-06 06:53:53,339 - __main__ - INFO - Started at: brand_index: huawei, page: 7
2025-04-06 06:53:53,339 - __main__ - INFO - Scraping huawei - Page 7
2025-04-06 06:54:03,523 - __main__ - INFO - Scraping huawei - Page 8
2025-04-06 06:54:03,862 - __main__ - INFO - No more products found for huawei on page 8. Moving to next brand.
2025-04-06 06:54:03,862 - __main__ - INFO - End of list
2025-04-06 06:54:03,862 - __main__ - INFO - Paused at: {'brand_index': 12, 'page': 8}, brand:huawei
2025-04-06 07:44:23,396 - __main__ - INFO - Started at: brand_index: honor, page: 1
2025-04-06 07:44:23,396 - __main__ - INFO - Scraping honor - Page 1
2025-04-06 07:45:36,503 - __main__ - INFO - Scraping honor - Page 2
2025-04-06 07:46:32,167 - __main__ - INFO - Scraping honor - Page 3
2025-04-06 07:51:04,014 - __main__ - INFO - Paused at: {'brand_index': 0, 'page': 4}, brand:honor
2025-04-06 07:52:18,057 - __main__ - INFO - Started at: brand_index: honor, page: 4
2025-04-06 07:52:18,057 - __main__ - INFO - Scraping honor - Page 4
2025-04-06 07:52:22,624 - __main__ - INFO - No more products found for honor on page 4. Moving to next brand.
2025-04-06 07:52:22,624 - __main__ - INFO - Scraping oppo - Page 1
2025-04-06 07:52:26,960 - __main__ - INFO - No more products found for oppo on page 1. Moving to next brand.
2025-04-06 07:52:26,960 - __main__ - INFO - Scraping xiaomi - Page 1
2025-04-06 07:58:15,304 - __main__ - INFO - Scraping xiaomi - Page 2
2025-04-06 07:59:42,629 - __main__ - INFO - Scraping xiaomi - Page 3
2025-04-06 08:03:53,110 - __main__ - INFO - Paused at: {'brand_index': 2, 'page': 4}, brand:xiaomi
2025-04-06 08:12:20,359 - __main__ - INFO - Started at: brand_index: xiaomi, page: 4
2025-04-06 08:12:20,359 - __main__ - INFO - Scraping xiaomi - Page 4
2025-04-06 08:13:50,035 - __main__ - INFO - Scraping xiaomi - Page 5
2025-04-06 08:15:03,395 - __main__ - INFO - Scraping xiaomi - Page 6
2025-04-06 08:21:26,294 - __main__ - INFO - Paused at: {'brand_index': 2, 'page': 7}, brand:xiaomi
2025-04-06 08:34:19,077 - __main__ - INFO - Started at: brand_index: xiaomi, page: 7
2025-04-06 08:34:19,077 - __main__ - INFO - Scraping xiaomi - Page 7
2025-04-06 08:34:19,469 - __main__ - INFO - No more products found for xiaomi on page 7. Moving to next brand.
2025-04-06 08:34:19,469 - __main__ - INFO - Scraping infinix - Page 1
2025-04-06 08:35:50,513 - __main__ - INFO - Scraping infinix - Page 2
2025-04-06 08:38:07,240 - __main__ - INFO - Scraping infinix - Page 3
2025-04-06 08:38:58,488 - __main__ - INFO - Paused at: {'brand_index': 3, 'page': 4}, brand:infinix
2025-04-06 08:46:26,704 - __main__ - INFO - Started at: brand_index: infinix, page: 4
2025-04-06 08:46:26,704 - __main__ - INFO - Scraping infinix - Page 4
2025-04-06 08:46:27,021 - __main__ - INFO - No more products found for infinix on page 4. Moving to next brand.
2025-04-06 08:46:27,021 - __main__ - INFO - Scraping apple - Page 1
2025-04-06 08:47:04,287 - __main__ - INFO - Scraping apple - Page 2
2025-04-06 08:47:04,593 - __main__ - INFO - No more products found for apple on page 2. Moving to next brand.
2025-04-06 08:47:04,593 - __main__ - INFO - Scraping sony - Page 1
2025-04-06 08:48:40,862 - __main__ - INFO - Scraping sony - Page 2
2025-04-06 08:49:36,418 - __main__ - INFO - Paused at: {'brand_index': 5, 'page': 3}, brand:sony
2025-04-06 08:53:17,454 - __main__ - INFO - Started at: brand_index: sony, page: 3
2025-04-06 08:53:17,454 - __main__ - INFO - Scraping sony - Page 3
2025-04-06 08:55:37,113 - __main__ - INFO - Scraping sony - Page 4
2025-04-06 08:55:38,663 - __main__ - INFO - Scraping sony - Page 5
2025-04-06 08:55:38,992 - __main__ - INFO - No more products found for sony on page 5. Moving to next brand.
2025-04-06 08:55:38,992 - __main__ - INFO - Scraping realme - Page 1
2025-04-06 08:56:28,401 - __main__ - INFO - Paused at: {'brand_index': 6, 'page': 2}, brand:realme
2025-04-06 09:09:48,378 - __main__ - INFO - Started at: brand_index: realme, page: 2
2025-04-06 09:09:48,378 - __main__ - INFO - Scraping realme - Page 2
2025-04-06 09:11:07,903 - __main__ - INFO - Scraping realme - Page 3
2025-04-06 09:13:14,238 - __main__ - INFO - Scraping realme - Page 4
2025-04-06 09:16:49,623 - __main__ - INFO - Paused at: {'brand_index': 6, 'page': 5}, brand:realme
2025-04-06 09:27:00,521 - __main__ - INFO - Started at: brand_index: realme, page: 5
2025-04-06 09:27:00,522 - __main__ - INFO - Scraping realme - Page 5
2025-04-06 09:27:05,062 - __main__ - INFO - No more products found for realme on page 5. Moving to next brand.
2025-04-06 09:27:05,063 - __main__ - INFO - Scraping oneplus - Page 1
2025-04-06 09:27:09,366 - __main__ - INFO - No more products found for oneplus on page 1. Moving to next brand.
2025-04-06 09:27:09,367 - __main__ - INFO - End of list
2025-04-06 09:27:09,367 - __main__ - INFO - Paused at: {'brand_index': 7, 'page': 1}, brand:oneplus
